<?xml version="1.0" encoding="UTF-8"?>
<testng-results total="1" passed="1" failed="0" skipped="0">
  <reporter-output>
  </reporter-output>
  <suite started-at="2020-01-22T10:25:48Z" name="All Test Suite" finished-at="2020-01-22T10:28:42Z" duration-ms="174152">
    <groups>
    </groups>
    <test started-at="2020-01-22T10:25:48Z" name="/home/sheetal/IdeaProjects/RunningScriptOnAlreadyOpenedBrowser" finished-at="2020-01-22T10:28:42Z" duration-ms="174152">
      <class name="com.bridgelabz.selenium.ExistingBrowser">
        <test-method signature="Test()[pri:0, instance:com.bridgelabz.selenium.ExistingBrowser@363ee3a2]" started-at="2020-01-22T15:55:48Z" name="Test" finished-at="2020-01-22T15:58:42Z" duration-ms="174138" status="PASS">
          <reporter-output>
          </reporter-output>
        </test-method> <!-- Test -->
      </class> <!-- com.bridgelabz.selenium.ExistingBrowser -->
    </test> <!-- /home/sheetal/IdeaProjects/RunningScriptOnAlreadyOpenedBrowser -->
  </suite> <!-- All Test Suite -->
</testng-results>
